<?xml version="1.0" encoding="UTF-8"?>
<!-- Generated by org.testng.reporters.JUnitXMLReporter -->
<testsuite ignored="2" hostname="DELL-C0HKRC2" failures="0" tests="1" name="Default test" time="5.698" errors="0" timestamp="2022-01-23T15:34:20 ART">
  <testcase classname="pruebas.Test_BonusTrack5b" name="addEmployee" time="4.738"/>
  <testcase classname="pruebas.Test_BonusTrack5b" name="login" time="0.0">
    <ignored/>
  </testcase> <!-- login -->
  <testcase classname="pruebas.Test_BonusTrack5b" name="modifyUser" time="0.0">
    <ignored/>
  </testcase> <!-- modifyUser -->
</testsuite> <!-- Default test -->
