<?xml version="1.0" encoding="UTF-8"?>
<!-- Generated by org.testng.reporters.JUnitXMLReporter -->
<testsuite ignored="0" hostname="DELL-C0HKRC2" failures="0" tests="4" name="Test" time="32.748" errors="0" timestamp="2022-01-23T12:45:48 ART">
  <testcase classname="Edit.BonusTrack_OpenHRM.Test_BonusTrack1b" name="login" time="8.487"/>
  <testcase classname="Edit.BonusTrack_OpenHRM.AppTest" name="shouldAnswerWithTrue" time="0.004"/>
  <testcase classname="Edit.BonusTrack_OpenHRM.Test_BonusTrack2b" name="login" time="14.874"/>
  <testcase classname="Edit.BonusTrack_OpenHRM.Test_BonusTrack3b" name="login" time="9.333"/>
</testsuite> <!-- Test -->
