<?xml version="1.0" encoding="UTF-8"?>
<testng-results ignored="2" total="3" passed="1" failed="0" skipped="0">
  <reporter-output>
  </reporter-output>
  <suite started-at="2022-01-23T15:34:14 ART" name="Default suite" finished-at="2022-01-23T15:34:20 ART" duration-ms="5698">
    <groups>
    </groups>
    <test started-at="2022-01-23T15:34:14 ART" name="Default test" finished-at="2022-01-23T15:34:20 ART" duration-ms="5698">
      <class name="pruebas.Test_BonusTrack5b">
        <test-method is-config="true" signature="setUp()[pri:0, instance:pruebas.Test_BonusTrack5b@35cabb2a]" started-at="2022-01-23T15:33:59 ART" name="setUp" finished-at="2022-01-23T15:34:14 ART" duration-ms="15198" status="PASS">
          <reporter-output>
          </reporter-output>
        </test-method> <!-- setUp -->
        <test-method signature="addEmployee(java.lang.String,java.lang.String,java.lang.String,java.lang.String)[pri:0, instance:pruebas.Test_BonusTrack5b@35cabb2a]" started-at="2022-01-23T15:34:15 ART" name="addEmployee" data-provider="Datos Add Employee" finished-at="2022-01-23T15:34:20 ART" duration-ms="4738" status="PASS">
          <params>
            <param index="0">
              <value>
                <![CDATA[Carlos]]>
              </value>
            </param>
            <param index="1">
              <value>
                <![CDATA[Luis]]>
              </value>
            </param>
            <param index="2">
              <value>
                <![CDATA[Ramirez]]>
              </value>
            </param>
            <param index="3">
              <value>
                <![CDATA[C:\Capture.JPG]]>
              </value>
            </param>
          </params>
          <reporter-output>
          </reporter-output>
        </test-method> <!-- addEmployee -->
        <test-method is-config="true" signature="tearDown()[pri:0, instance:pruebas.Test_BonusTrack5b@35cabb2a]" started-at="2022-01-23T15:34:20 ART" name="tearDown" finished-at="2022-01-23T15:34:20 ART" duration-ms="0" status="PASS">
          <reporter-output>
          </reporter-output>
        </test-method> <!-- tearDown -->
      </class> <!-- pruebas.Test_BonusTrack5b -->
    </test> <!-- Default test -->
  </suite> <!-- Default suite -->
</testng-results>
